[2026-04-28T18:22:52.550Z] {"timestamp":1777400503762,"level":"LOG","args":["[vite] server connection lost. Polling for restart..."],"stack":null}
[2026-04-28T18:22:54.934Z] {"timestamp":1777400572921,"level":"DEBUG","args":["[Manus] Debug collector initialized (no rrweb, UI events only)"],"stack":null}
[2026-04-28T18:22:54.934Z] {"timestamp":1777400572950,"level":"DEBUG","args":["[vite] connected."],"stack":null}
[2026-04-28T18:22:54.934Z] {"timestamp":1777400574033,"level":"LOG","args":["Selected: sheika"],"stack":null}
[2026-04-28T18:23:11.245Z] {"timestamp":1777400589241,"level":"DEBUG","args":["[Manus] Debug collector initialized (no rrweb, UI events only)"],"stack":null}
[2026-04-28T18:23:11.245Z] {"timestamp":1777400589261,"level":"DEBUG","args":["[vite] connected."],"stack":null}
[2026-04-28T18:24:51.248Z] {"timestamp":1777400689790,"level":"LOG","args":["Selected: sheika"],"stack":null}
[2026-04-28T18:24:54.515Z] {"timestamp":1777400692509,"level":"DEBUG","args":["[Manus] Debug collector initialized (no rrweb, UI events only)"],"stack":null}
[2026-04-28T18:24:54.515Z] {"timestamp":1777400692536,"level":"DEBUG","args":["[vite] connected."],"stack":null}
[2026-04-28T18:24:58.515Z] {"timestamp":1777400697290,"level":"LOG","args":["Selected: sheika"],"stack":null}
[2026-04-28T18:25:27.463Z] {"timestamp":1777400725460,"level":"DEBUG","args":["[Manus] Debug collector initialized (no rrweb, UI events only)"],"stack":null}
[2026-04-28T18:25:27.463Z] {"timestamp":1777400725479,"level":"DEBUG","args":["[vite] connected."],"stack":null}
[2026-04-28T18:27:03.464Z] {"timestamp":1777400822677,"level":"LOG","args":["Selected: sheika"],"stack":null}
[2026-04-28T18:28:26.687Z] {"timestamp":1777400904677,"level":"DEBUG","args":["[Manus] Debug collector initialized (no rrweb, UI events only)"],"stack":null}
[2026-04-28T18:28:26.687Z] {"timestamp":1777400904693,"level":"DEBUG","args":["[vite] connected."],"stack":null}
[2026-04-28T18:28:28.686Z] {"timestamp":1777400907079,"level":"LOG","args":["Selected: sheika"],"stack":null}
[2026-04-28T18:28:35.085Z] {"timestamp":1777400912238,"level":"DEBUG","args":["[Manus] Debug collector initialized (no rrweb, UI events only)"],"stack":null}
[2026-04-28T18:28:35.085Z] {"timestamp":1777400912249,"level":"DEBUG","args":["[vite] connected."],"stack":null}
[2026-04-28T18:28:55.431Z] {"timestamp":1777400932962,"level":"DEBUG","args":["[Manus] Debug collector initialized (no rrweb, UI events only)"],"stack":null}
[2026-04-28T18:28:55.431Z] {"timestamp":1777400932964,"level":"DEBUG","args":["[vite] connected."],"stack":null}
[2026-04-28T18:29:30.964Z] {"timestamp":1777400970815,"level":"LOG","args":["Selected: zayed"],"stack":null}
[2026-04-28T18:29:36.063Z] {"timestamp":1777400974054,"level":"DEBUG","args":["[Manus] Debug collector initialized (no rrweb, UI events only)"],"stack":null}
[2026-04-28T18:29:36.063Z] {"timestamp":1777400974072,"level":"DEBUG","args":["[vite] connected."],"stack":null}
[2026-04-28T18:31:26.910Z] {"timestamp":1777401084902,"level":"DEBUG","args":["[Manus] Debug collector initialized (no rrweb, UI events only)"],"stack":null}
[2026-04-28T18:31:26.910Z] {"timestamp":1777401084945,"level":"DEBUG","args":["[vite] connected."],"stack":null}
[2026-04-28T18:31:30.956Z] {"timestamp":1777401088950,"level":"DEBUG","args":["[Manus] Debug collector initialized (no rrweb, UI events only)"],"stack":null}
[2026-04-28T18:31:30.956Z] {"timestamp":1777401088959,"level":"DEBUG","args":["[vite] connected."],"stack":null}
[2026-04-28T18:31:30.956Z] {"timestamp":1777401089689,"level":"LOG","args":["Selected: zayed"],"stack":null}
[2026-04-28T18:31:37.039Z] {"timestamp":1777401095030,"level":"DEBUG","args":["[Manus] Debug collector initialized (no rrweb, UI events only)"],"stack":null}
[2026-04-28T18:31:37.039Z] {"timestamp":1777401095034,"level":"DEBUG","args":["[vite] connected."],"stack":null}
[2026-04-28T18:32:41.084Z] {"timestamp":1777401158210,"level":"DEBUG","args":["[Manus] Debug collector initialized (no rrweb, UI events only)"],"stack":null}
[2026-04-28T18:32:41.084Z] {"timestamp":1777401158244,"level":"DEBUG","args":["[vite] connected."],"stack":null}
[2026-04-28T18:32:59.068Z] {"timestamp":1777401177065,"level":"DEBUG","args":["[Manus] Debug collector initialized (no rrweb, UI events only)"],"stack":null}
[2026-04-28T18:32:59.068Z] {"timestamp":1777401177071,"level":"DEBUG","args":["[vite] connected."],"stack":null}
[2026-04-28T18:33:34.821Z] {"timestamp":1777401212190,"level":"DEBUG","args":["[Manus] Debug collector initialized (no rrweb, UI events only)"],"stack":null}
[2026-04-28T18:33:34.821Z] {"timestamp":1777401212196,"level":"DEBUG","args":["[vite] connected."],"stack":null}
[2026-04-28T18:33:42.699Z] {"timestamp":1777401220691,"level":"DEBUG","args":["[Manus] Debug collector initialized (no rrweb, UI events only)"],"stack":null}
[2026-04-28T18:33:42.699Z] {"timestamp":1777401220696,"level":"DEBUG","args":["[vite] connected."],"stack":null}
[2026-04-28T18:33:48.696Z] {"timestamp":1777401228589,"level":"LOG","args":["Selected: zayed"],"stack":null}
[2026-04-28T18:34:00.220Z] {"timestamp":1777401238210,"level":"DEBUG","args":["[Manus] Debug collector initialized (no rrweb, UI events only)"],"stack":null}
[2026-04-28T18:34:00.220Z] {"timestamp":1777401238213,"level":"DEBUG","args":["[vite] connected."],"stack":null}
[2026-04-28T18:34:00.220Z] {"timestamp":1777401239295,"level":"LOG","args":["Selected: zayed"],"stack":null}
[2026-04-28T18:34:17.590Z] {"timestamp":1777401255587,"level":"DEBUG","args":["[Manus] Debug collector initialized (no rrweb, UI events only)"],"stack":null}
[2026-04-28T18:34:17.590Z] {"timestamp":1777401255678,"level":"DEBUG","args":["[vite] connected."],"stack":null}
[2026-04-28T18:35:10.084Z] {"timestamp":1777401307193,"level":"DEBUG","args":["[Manus] Debug collector initialized (no rrweb, UI events only)"],"stack":null}
[2026-04-28T18:35:10.084Z] {"timestamp":1777401307197,"level":"DEBUG","args":["[vite] connected."],"stack":null}
[2026-04-28T18:36:02.082Z] {"timestamp":1777401359179,"level":"DEBUG","args":["[Manus] Debug collector initialized (no rrweb, UI events only)"],"stack":null}
[2026-04-28T18:36:02.082Z] {"timestamp":1777401359200,"level":"DEBUG","args":["[vite] connected."],"stack":null}
[2026-04-28T18:36:13.263Z] {"timestamp":1777401371261,"level":"DEBUG","args":["[Manus] Debug collector initialized (no rrweb, UI events only)"],"stack":null}
[2026-04-28T18:36:13.263Z] {"timestamp":1777401371269,"level":"DEBUG","args":["[vite] connected."],"stack":null}
[2026-04-28T18:36:37.265Z] {"timestamp":1777401396791,"level":"LOG","args":["Selected: sheika"],"stack":null}
[2026-04-28T18:36:47.457Z] {"timestamp":1777401405449,"level":"DEBUG","args":["[Manus] Debug collector initialized (no rrweb, UI events only)"],"stack":null}
[2026-04-28T18:36:47.457Z] {"timestamp":1777401405524,"level":"DEBUG","args":["[vite] connected."],"stack":null}
[2026-04-28T18:36:57.453Z] {"timestamp":1777401417028,"level":"LOG","args":["Selected: zayed"],"stack":null}
[2026-04-28T18:39:23.351Z] {"timestamp":1777401561343,"level":"DEBUG","args":["[Manus] Debug collector initialized (no rrweb, UI events only)"],"stack":null}
[2026-04-28T18:39:23.352Z] {"timestamp":1777401561364,"level":"DEBUG","args":["[vite] connected."],"stack":null}
[2026-04-28T18:39:25.350Z] {"timestamp":1777401563988,"level":"LOG","args":["Selected: sheika"],"stack":null}
[2026-04-28T18:40:06.804Z] {"timestamp":1777401604796,"level":"DEBUG","args":["[Manus] Debug collector initialized (no rrweb, UI events only)"],"stack":null}
[2026-04-28T18:40:06.804Z] {"timestamp":1777401604807,"level":"DEBUG","args":["[vite] connected."],"stack":null}
[2026-04-28T18:40:08.803Z] {"timestamp":1777401608189,"level":"LOG","args":["Selected: sheika"],"stack":null}
[2026-04-28T18:41:48.148Z] {"timestamp":1777401705277,"level":"DEBUG","args":["[Manus] Debug collector initialized (no rrweb, UI events only)"],"stack":null}
[2026-04-28T18:41:48.148Z] {"timestamp":1777401705283,"level":"DEBUG","args":["[vite] connected."],"stack":null}
[2026-04-28T18:41:51.280Z] {"timestamp":1777401710328,"level":"LOG","args":["Selected: sheika"],"stack":null}
[2026-04-28T18:45:18.149Z] {"timestamp":1777401915565,"level":"DEBUG","args":["[Manus] Debug collector initialized (no rrweb, UI events only)"],"stack":null}
[2026-04-28T18:45:18.149Z] {"timestamp":1777401915569,"level":"DEBUG","args":["[vite] connected."],"stack":null}
[2026-04-28T18:45:50.149Z] {"timestamp":1777401947322,"level":"DEBUG","args":["[Manus] Debug collector initialized (no rrweb, UI events only)"],"stack":null}
[2026-04-28T18:45:50.149Z] {"timestamp":1777401947330,"level":"DEBUG","args":["[vite] connected."],"stack":null}
[2026-04-28T18:46:16.292Z] {"timestamp":1777401974290,"level":"DEBUG","args":["[Manus] Debug collector initialized (no rrweb, UI events only)"],"stack":null}
[2026-04-28T18:46:16.292Z] {"timestamp":1777401974295,"level":"DEBUG","args":["[vite] connected."],"stack":null}
[2026-04-28T18:46:40.297Z] {"timestamp":1777401999851,"level":"LOG","args":["Selected: sheika"],"stack":null}
[2026-04-28T18:46:53.541Z] {"timestamp":1777402011532,"level":"DEBUG","args":["[Manus] Debug collector initialized (no rrweb, UI events only)"],"stack":null}
[2026-04-28T18:46:53.541Z] {"timestamp":1777402011555,"level":"DEBUG","args":["[vite] connected."],"stack":null}
[2026-04-28T18:47:55.149Z] {"timestamp":1777402072251,"level":"DEBUG","args":["[Manus] Debug collector initialized (no rrweb, UI events only)"],"stack":null}
[2026-04-28T18:47:55.149Z] {"timestamp":1777402072264,"level":"DEBUG","args":["[vite] connected."],"stack":null}
[2026-04-28T18:48:40.255Z] {"timestamp":1777402118702,"level":"LOG","args":["Selected: sheika"],"stack":null}
[2026-04-28T19:03:42.105Z] {"timestamp":1777403020095,"level":"DEBUG","args":["[Manus] Debug collector initialized (no rrweb, UI events only)"],"stack":null}
[2026-04-28T19:03:42.105Z] {"timestamp":1777403020134,"level":"DEBUG","args":["[vite] connected."],"stack":null}
[2026-04-28T19:03:42.105Z] {"timestamp":1777403021883,"level":"LOG","args":["Selected: sheika"],"stack":null}
[2026-04-28T19:04:03.467Z] {"timestamp":1777403041348,"level":"DEBUG","args":["[Manus] Debug collector initialized (no rrweb, UI events only)"],"stack":null}
[2026-04-28T19:04:03.467Z] {"timestamp":1777403041371,"level":"DEBUG","args":["[vite] connected."],"stack":null}
[2026-04-28T19:04:37.351Z] {"timestamp":1777403077256,"level":"LOG","args":["Selected: sheika"],"stack":null}
[2026-04-28T19:05:07.550Z] {"timestamp":1777403105547,"level":"DEBUG","args":["[Manus] Debug collector initialized (no rrweb, UI events only)"],"stack":null}
[2026-04-28T19:05:07.550Z] {"timestamp":1777403105554,"level":"DEBUG","args":["[vite] connected."],"stack":null}
[2026-04-28T19:05:57.550Z] {"timestamp":1777403157106,"level":"LOG","args":["Selected: zayed"],"stack":null}
[2026-04-28T19:06:50.182Z] {"timestamp":1777403207588,"level":"DEBUG","args":["[Manus] Debug collector initialized (no rrweb, UI events only)"],"stack":null}
[2026-04-28T19:06:50.182Z] {"timestamp":1777403207595,"level":"DEBUG","args":["[vite] connected."],"stack":null}
[2026-04-28T19:11:40.756Z] {"timestamp":1777403498746,"level":"DEBUG","args":["[Manus] Debug collector initialized (no rrweb, UI events only)"],"stack":null}
[2026-04-28T19:11:40.756Z] {"timestamp":1777403498772,"level":"DEBUG","args":["[vite] connected."],"stack":null}
[2026-04-28T19:13:14.183Z] {"timestamp":1777403591537,"level":"DEBUG","args":["[Manus] Debug collector initialized (no rrweb, UI events only)"],"stack":null}
[2026-04-28T19:13:14.183Z] {"timestamp":1777403591542,"level":"DEBUG","args":["[vite] connected."],"stack":null}
[2026-04-28T19:15:35.186Z] {"timestamp":1777403732541,"level":"DEBUG","args":["[Manus] Debug collector initialized (no rrweb, UI events only)"],"stack":null}
[2026-04-28T19:15:35.186Z] {"timestamp":1777403732554,"level":"DEBUG","args":["[vite] connected."],"stack":null}
[2026-04-28T19:17:34.230Z] {"timestamp":1777403851417,"level":"DEBUG","args":["[Manus] Debug collector initialized (no rrweb, UI events only)"],"stack":null}
[2026-04-28T19:17:34.230Z] {"timestamp":1777403851421,"level":"DEBUG","args":["[vite] connected."],"stack":null}
[2026-04-28T19:19:17.232Z] {"timestamp":1777403954399,"level":"DEBUG","args":["[Manus] Debug collector initialized (no rrweb, UI events only)"],"stack":null}
[2026-04-28T19:19:17.232Z] {"timestamp":1777403954402,"level":"DEBUG","args":["[vite] connected."],"stack":null}
[2026-04-28T19:19:51.642Z] {"timestamp":1777403989639,"level":"DEBUG","args":["[Manus] Debug collector initialized (no rrweb, UI events only)"],"stack":null}
[2026-04-28T19:19:51.642Z] {"timestamp":1777403989643,"level":"DEBUG","args":["[vite] connected."],"stack":null}
[2026-04-28T19:19:51.642Z] {"timestamp":1777403990738,"level":"LOG","args":["Selected: sheika"],"stack":null}
[2026-04-28T19:21:19.233Z] {"timestamp":1777404076530,"level":"DEBUG","args":["[Manus] Debug collector initialized (no rrweb, UI events only)"],"stack":null}
[2026-04-28T19:21:19.233Z] {"timestamp":1777404076536,"level":"DEBUG","args":["[vite] connected."],"stack":null}
[2026-04-28T19:22:53.235Z] {"timestamp":1777404170430,"level":"DEBUG","args":["[Manus] Debug collector initialized (no rrweb, UI events only)"],"stack":null}
[2026-04-28T19:22:53.235Z] {"timestamp":1777404170434,"level":"DEBUG","args":["[vite] connected."],"stack":null}
[2026-04-28T19:25:44.480Z] {"timestamp":1777404342477,"level":"DEBUG","args":["[Manus] Debug collector initialized (no rrweb, UI events only)"],"stack":null}
[2026-04-28T19:25:44.480Z] {"timestamp":1777404342493,"level":"DEBUG","args":["[vite] connected."],"stack":null}
[2026-04-28T19:25:44.480Z] {"timestamp":1777404343353,"level":"LOG","args":["Selected: sheika"],"stack":null}
[2026-04-28T19:25:52.459Z] {"timestamp":1777404350455,"level":"DEBUG","args":["[Manus] Debug collector initialized (no rrweb, UI events only)"],"stack":null}
[2026-04-28T19:25:52.459Z] {"timestamp":1777404350482,"level":"DEBUG","args":["[vite] connected."],"stack":null}
[2026-04-28T19:27:32.467Z] {"timestamp":1777404452150,"level":"LOG","args":["Selected: sheika"],"stack":null}
[2026-04-28T19:32:16.226Z] {"timestamp":1777404733464,"level":"DEBUG","args":["[Manus] Debug collector initialized (no rrweb, UI events only)"],"stack":null}
[2026-04-28T19:32:16.226Z] {"timestamp":1777404733473,"level":"DEBUG","args":["[vite] connected."],"stack":null}
[2026-04-28T19:33:53.469Z] {"timestamp":1777404832750,"level":"LOG","args":["Selected: sheika"],"stack":null}
[2026-04-28T19:34:25.189Z] {"timestamp":1777404862520,"level":"DEBUG","args":["[Manus] Debug collector initialized (no rrweb, UI events only)"],"stack":null}
[2026-04-28T19:34:25.189Z] {"timestamp":1777404862529,"level":"DEBUG","args":["[vite] connected."],"stack":null}
[2026-04-28T19:34:34.521Z] {"timestamp":1777404872320,"level":"DEBUG","args":["[Manus] Debug collector initialized (no rrweb, UI events only)"],"stack":null}
[2026-04-28T19:34:34.521Z] {"timestamp":1777404872324,"level":"DEBUG","args":["[vite] connected."],"stack":null}
[2026-04-28T19:37:20.380Z] {"timestamp":1777405038503,"level":"LOG","args":["Selected: sheika"],"stack":null}
[2026-04-28T19:38:03.190Z] {"timestamp":1777405080619,"level":"DEBUG","args":["[Manus] Debug collector initialized (no rrweb, UI events only)"],"stack":null}
[2026-04-28T19:38:03.190Z] {"timestamp":1777405080662,"level":"DEBUG","args":["[vite] connected."],"stack":null}
[2026-04-28T19:41:44.562Z] {"timestamp":1777405304237,"level":"LOG","args":["[vite] server connection lost. Polling for restart..."],"stack":null}
[2026-04-28T19:41:47.189Z] {"timestamp":1777405304819,"level":"DEBUG","args":["[Manus] Debug collector initialized (no rrweb, UI events only)"],"stack":null}
[2026-04-28T19:41:47.189Z] {"timestamp":1777405304829,"level":"DEBUG","args":["[vite] connected."],"stack":null}
[2026-04-28T19:44:48.486Z] {"timestamp":1777405487045,"level":"LOG","args":["Selected: sheika"],"stack":null}
[2026-04-28T19:44:54.486Z] {"timestamp":1777405494360,"level":"ERROR","args":[{"type":"UncaughtError","message":"Uncaught TypeError: Cannot read properties of null (reading 'querySelector')","filename":"http://localhost:3000/","lineno":2908,"colno":41,"stack":"TypeError: Cannot read properties of null (reading 'querySelector')\n    at validateField (http://localhost:3000/:2908:41)\n    at handleFormSubmit (http://localhost:3000/:2951:27)\n    at HTMLFormElement.onsubmit (http://localhost:3000/:2375:71)"}],"stack":"TypeError: Cannot read properties of null (reading 'querySelector')\n    at validateField (http://localhost:3000/:2908:41)\n    at handleFormSubmit (http://localhost:3000/:2951:27)\n    at HTMLFormElement.onsubmit (http://localhost:3000/:2375:71)"}
[2026-04-28T19:44:58.483Z] {"timestamp":1777405496516,"level":"ERROR","args":[{"type":"UncaughtError","message":"Uncaught TypeError: Cannot read properties of null (reading 'querySelector')","filename":"http://localhost:3000/","lineno":2908,"colno":41,"stack":"TypeError: Cannot read properties of null (reading 'querySelector')\n    at validateField (http://localhost:3000/:2908:41)\n    at handleFormSubmit (http://localhost:3000/:2951:27)\n    at HTMLFormElement.onsubmit (http://localhost:3000/:2375:71)"}],"stack":"TypeError: Cannot read properties of null (reading 'querySelector')\n    at validateField (http://localhost:3000/:2908:41)\n    at handleFormSubmit (http://localhost:3000/:2951:27)\n    at HTMLFormElement.onsubmit (http://localhost:3000/:2375:71)"}
[2026-04-28T19:45:02.486Z] {"timestamp":1777405501871,"level":"ERROR","args":[{"type":"UncaughtError","message":"Uncaught TypeError: Cannot read properties of null (reading 'querySelector')","filename":"http://localhost:3000/","lineno":2908,"colno":41,"stack":"TypeError: Cannot read properties of null (reading 'querySelector')\n    at validateField (http://localhost:3000/:2908:41)\n    at handleFormSubmit (http://localhost:3000/:2951:27)\n    at HTMLFormElement.onsubmit (http://localhost:3000/:2375:71)"}],"stack":"TypeError: Cannot read properties of null (reading 'querySelector')\n    at validateField (http://localhost:3000/:2908:41)\n    at handleFormSubmit (http://localhost:3000/:2951:27)\n    at HTMLFormElement.onsubmit (http://localhost:3000/:2375:71)"}
[2026-04-28T19:46:54.857Z] {"timestamp":1777405612245,"level":"DEBUG","args":["[Manus] Debug collector initialized (no rrweb, UI events only)"],"stack":null}
[2026-04-28T19:46:54.857Z] {"timestamp":1777405612265,"level":"DEBUG","args":["[vite] connected."],"stack":null}
[2026-04-28T19:47:18.248Z] {"timestamp":1777405636701,"level":"LOG","args":["Selected: sheika"],"stack":null}
[2026-04-28T19:51:22.853Z] {"timestamp":1777405880182,"level":"DEBUG","args":["[Manus] Debug collector initialized (no rrweb, UI events only)"],"stack":null}
[2026-04-28T19:51:22.853Z] {"timestamp":1777405880223,"level":"DEBUG","args":["[vite] connected."],"stack":null}
[2026-04-28T19:52:45.853Z] {"timestamp":1777405963015,"level":"DEBUG","args":["[Manus] Debug collector initialized (no rrweb, UI events only)"],"stack":null}
[2026-04-28T19:52:45.853Z] {"timestamp":1777405963022,"level":"DEBUG","args":["[vite] connected."],"stack":null}
[2026-04-28T19:53:21.545Z] {"timestamp":1777405999542,"level":"DEBUG","args":["[Manus] Debug collector initialized (no rrweb, UI events only)"],"stack":null}
[2026-04-28T19:53:21.546Z] {"timestamp":1777405999555,"level":"DEBUG","args":["[vite] connected."],"stack":null}
[2026-04-28T19:53:21.546Z] {"timestamp":1777406001052,"level":"LOG","args":["Selected: sheika"],"stack":null}
[2026-04-28T20:56:25.607Z] {"timestamp":1777409783593,"level":"DEBUG","args":["[Manus] Debug collector initialized (no rrweb, UI events only)"],"stack":null}
[2026-04-28T20:56:25.607Z] {"timestamp":1777409783707,"level":"DEBUG","args":["[vite] connected."],"stack":null}
[2026-04-28T20:56:25.607Z] {"timestamp":1777409784849,"level":"LOG","args":["Selected: sheika"],"stack":null}
[2026-04-28T21:59:01.167Z] {"timestamp":1777413539159,"level":"DEBUG","args":["[Manus] Debug collector initialized (no rrweb, UI events only)"],"stack":null}
[2026-04-28T21:59:01.167Z] {"timestamp":1777413539176,"level":"DEBUG","args":["[vite] connected."],"stack":null}
[2026-04-28T21:59:31.164Z] {"timestamp":1777413569220,"level":"LOG","args":["Selected: sheika"],"stack":null}
[2026-04-28T22:01:49.456Z] {"timestamp":1777413706745,"level":"DEBUG","args":["[Manus] Debug collector initialized (no rrweb, UI events only)"],"stack":null}
[2026-04-28T22:01:49.456Z] {"timestamp":1777413706761,"level":"DEBUG","args":["[vite] connected."],"stack":null}
[2026-04-28T22:02:03.455Z] {"timestamp":1777413720658,"level":"DEBUG","args":["[Manus] Debug collector initialized (no rrweb, UI events only)"],"stack":null}
[2026-04-28T22:02:39.456Z] {"timestamp":1777413756622,"level":"DEBUG","args":["[Manus] Debug collector initialized (no rrweb, UI events only)"],"stack":null}
[2026-04-28T22:02:39.456Z] {"timestamp":1777413756627,"level":"DEBUG","args":["[vite] connected."],"stack":null}
[2026-04-28T22:03:09.209Z] {"timestamp":1777413786639,"level":"DEBUG","args":["[Manus] Debug collector initialized (no rrweb, UI events only)"],"stack":null}
[2026-04-28T22:03:09.209Z] {"timestamp":1777413786642,"level":"DEBUG","args":["[vite] connected."],"stack":null}
[2026-04-28T22:03:26.643Z] {"timestamp":1777413806407,"level":"LOG","args":["Selected: zayed"],"stack":null}
[2026-04-28T22:04:36.457Z] {"timestamp":1777413873648,"level":"DEBUG","args":["[Manus] Debug collector initialized (no rrweb, UI events only)"],"stack":null}
[2026-04-28T22:04:36.457Z] {"timestamp":1777413873650,"level":"DEBUG","args":["[vite] connected."],"stack":null}
[2026-04-28T22:04:50.457Z] {"timestamp":1777413887631,"level":"DEBUG","args":["[Manus] Debug collector initialized (no rrweb, UI events only)"],"stack":null}
[2026-04-28T22:04:50.457Z] {"timestamp":1777413887639,"level":"DEBUG","args":["[vite] connected."],"stack":null}
[2026-04-28T22:05:02.457Z] {"timestamp":1777413899619,"level":"DEBUG","args":["[Manus] Debug collector initialized (no rrweb, UI events only)"],"stack":null}
[2026-04-28T22:05:02.457Z] {"timestamp":1777413899623,"level":"DEBUG","args":["[vite] connected."],"stack":null}
[2026-04-28T22:05:21.623Z] {"timestamp":1777413920528,"level":"LOG","args":["Selected: zayed"],"stack":null}
[2026-04-28T22:07:12.457Z] {"timestamp":1777414029638,"level":"DEBUG","args":["[Manus] Debug collector initialized (no rrweb, UI events only)"],"stack":null}
[2026-04-28T22:07:12.457Z] {"timestamp":1777414029642,"level":"DEBUG","args":["[vite] connected."],"stack":null}
[2026-04-28T22:07:20.457Z] {"timestamp":1777414037645,"level":"DEBUG","args":["[Manus] Debug collector initialized (no rrweb, UI events only)"],"stack":null}
[2026-04-28T22:07:20.457Z] {"timestamp":1777414037656,"level":"DEBUG","args":["[vite] connected."],"stack":null}
[2026-04-28T22:07:49.603Z] {"timestamp":1777414065656,"level":"DEBUG","args":["[Manus] Debug collector initialized (no rrweb, UI events only)"],"stack":null}
[2026-04-28T22:07:49.603Z] {"timestamp":1777414065661,"level":"DEBUG","args":["[vite] connected."],"stack":null}
[2026-04-28T22:08:11.672Z] {"timestamp":1777414089887,"level":"DEBUG","args":["[Manus] Debug collector initialized (no rrweb, UI events only)"],"stack":null}
[2026-04-28T22:08:11.672Z] {"timestamp":1777414089903,"level":"DEBUG","args":["[vite] connected."],"stack":null}
[2026-04-28T22:08:15.765Z] {"timestamp":1777414091808,"level":"DEBUG","args":["[Manus] Debug collector initialized (no rrweb, UI events only)"],"stack":null}
[2026-04-28T22:08:15.765Z] {"timestamp":1777414091818,"level":"DEBUG","args":["[vite] connected."],"stack":null}
[2026-04-28T22:08:34.558Z] {"timestamp":1777414110599,"level":"DEBUG","args":["[Manus] Debug collector initialized (no rrweb, UI events only)"],"stack":null}
[2026-04-28T22:08:34.558Z] {"timestamp":1777414110605,"level":"DEBUG","args":["[vite] connected."],"stack":null}
[2026-04-28T22:08:43.806Z] {"timestamp":1777414119841,"level":"DEBUG","args":["[Manus] Debug collector initialized (no rrweb, UI events only)"],"stack":null}
[2026-04-28T22:08:43.806Z] {"timestamp":1777414119848,"level":"DEBUG","args":["[vite] connected."],"stack":null}
[2026-04-28T22:09:05.620Z] {"timestamp":1777414141664,"level":"DEBUG","args":["[Manus] Debug collector initialized (no rrweb, UI events only)"],"stack":null}
[2026-04-28T22:09:05.620Z] {"timestamp":1777414141667,"level":"DEBUG","args":["[vite] connected."],"stack":null}
[2026-04-28T22:09:23.669Z] {"timestamp":1777414161922,"level":"LOG","args":["Selected: zayed"],"stack":null}
[2026-04-28T22:09:41.669Z] {"timestamp":1777414180085,"level":"LOG","args":["Initializing bonus game, tokens:","7","map container:","true"],"stack":null}
[2026-04-28T22:09:41.669Z] {"timestamp":1777414180086,"level":"LOG","args":["Added drag events to:","Abu Dhabi"],"stack":null}
[2026-04-28T22:09:41.669Z] {"timestamp":1777414180086,"level":"LOG","args":["Added drag events to:","Dubai"],"stack":null}
[2026-04-28T22:09:41.669Z] {"timestamp":1777414180086,"level":"LOG","args":["Added drag events to:","Sharjah"],"stack":null}
[2026-04-28T22:09:41.669Z] {"timestamp":1777414180086,"level":"LOG","args":["Added drag events to:","Ajman"],"stack":null}
[2026-04-28T22:09:41.669Z] {"timestamp":1777414180086,"level":"LOG","args":["Added drag events to:","Umm Al Quwain"],"stack":null}
[2026-04-28T22:09:41.669Z] {"timestamp":1777414180086,"level":"LOG","args":["Added drag events to:","Ras Al Khaimah"],"stack":null}
[2026-04-28T22:09:41.669Z] {"timestamp":1777414180086,"level":"LOG","args":["Added drag events to:","Fujairah"],"stack":null}
[2026-04-28T22:09:41.669Z] {"timestamp":1777414180086,"level":"LOG","args":["Added drop events to map container"],"stack":null}
[2026-04-28T22:10:58.212Z] {"timestamp":1777414256200,"level":"DEBUG","args":["[Manus] Debug collector initialized (no rrweb, UI events only)"],"stack":null}
[2026-04-28T22:10:58.212Z] {"timestamp":1777414256432,"level":"DEBUG","args":["[vite] connected."],"stack":null}
[2026-04-28T22:11:08.013Z] {"timestamp":1777414265843,"level":"DEBUG","args":["[Manus] Debug collector initialized (no rrweb, UI events only)"],"stack":null}
[2026-04-28T22:11:08.013Z] {"timestamp":1777414265856,"level":"DEBUG","args":["[vite] connected."],"stack":null}
[2026-04-28T22:11:22.464Z] {"timestamp":1777414279963,"level":"DEBUG","args":["[Manus] Debug collector initialized (no rrweb, UI events only)"],"stack":null}
[2026-04-28T22:11:22.464Z] {"timestamp":1777414279977,"level":"DEBUG","args":["[vite] connected."],"stack":null}
[2026-04-28T22:11:33.891Z] {"timestamp":1777414291885,"level":"DEBUG","args":["[Manus] Debug collector initialized (no rrweb, UI events only)"],"stack":null}
[2026-04-28T22:11:33.891Z] {"timestamp":1777414292103,"level":"DEBUG","args":["[vite] connected."],"stack":null}
[2026-04-28T22:11:49.900Z] {"timestamp":1777414308173,"level":"LOG","args":["Selected: zayed"],"stack":null}
[2026-04-28T22:12:05.903Z] {"timestamp":1777414323946,"level":"LOG","args":["Initializing bonus game, tokens:","7","placeholders:","7"],"stack":null}
[2026-04-28T22:12:05.903Z] {"timestamp":1777414323947,"level":"LOG","args":["Added drag events to:","Abu Dhabi"],"stack":null}
[2026-04-28T22:12:05.903Z] {"timestamp":1777414323947,"level":"LOG","args":["Added drag events to:","Dubai"],"stack":null}
[2026-04-28T22:12:05.903Z] {"timestamp":1777414323947,"level":"LOG","args":["Added drag events to:","Sharjah"],"stack":null}
[2026-04-28T22:12:05.903Z] {"timestamp":1777414323947,"level":"LOG","args":["Added drag events to:","Ajman"],"stack":null}
[2026-04-28T22:12:05.903Z] {"timestamp":1777414323947,"level":"LOG","args":["Added drag events to:","Umm Al Quwain"],"stack":null}
[2026-04-28T22:12:05.903Z] {"timestamp":1777414323947,"level":"LOG","args":["Added drag events to:","Ras Al Khaimah"],"stack":null}
[2026-04-28T22:12:05.903Z] {"timestamp":1777414323947,"level":"LOG","args":["Added drag events to:","Fujairah"],"stack":null}
[2026-04-28T22:12:05.903Z] {"timestamp":1777414323948,"level":"LOG","args":["Added drop events to placeholder:","abu-dhabi"],"stack":null}
[2026-04-28T22:12:05.903Z] {"timestamp":1777414323948,"level":"LOG","args":["Added drop events to placeholder:","dubai"],"stack":null}
[2026-04-28T22:12:05.903Z] {"timestamp":1777414323948,"level":"LOG","args":["Added drop events to placeholder:","sharjah"],"stack":null}
[2026-04-28T22:12:05.903Z] {"timestamp":1777414323948,"level":"LOG","args":["Added drop events to placeholder:","ajman"],"stack":null}
[2026-04-28T22:12:05.903Z] {"timestamp":1777414323948,"level":"LOG","args":["Added drop events to placeholder:","umm-al-quwain"],"stack":null}
[2026-04-28T22:12:05.903Z] {"timestamp":1777414323948,"level":"LOG","args":["Added drop events to placeholder:","ras-al-khaimah"],"stack":null}
[2026-04-28T22:12:05.903Z] {"timestamp":1777414323948,"level":"LOG","args":["Added drop events to placeholder:","fujairah"],"stack":null}
[2026-04-28T22:12:07.889Z] {"timestamp":1777414326502,"level":"LOG","args":["Dropped","abu-dhabi","on","abu-dhabi"],"stack":null}
[2026-04-28T22:12:09.889Z] {"timestamp":1777414328271,"level":"LOG","args":["Dropped","dubai","on","fujairah"],"stack":null}
[2026-04-28T22:12:11.890Z] {"timestamp":1777414331410,"level":"LOG","args":["Dropped","sharjah","on","umm-al-quwain"],"stack":null}
[2026-04-28T22:12:15.889Z] {"timestamp":1777414334347,"level":"LOG","args":["Dropped","umm-al-quwain","on","ras-al-khaimah"],"stack":null}
[2026-04-28T22:15:22.479Z] {"timestamp":1777414395765,"level":"LOG","args":["[vite] server connection lost. Polling for restart..."],"stack":null}
[2026-04-28T22:15:30.998Z] {"timestamp":1777414528986,"level":"DEBUG","args":["[Manus] Debug collector initialized (no rrweb, UI events only)"],"stack":null}
[2026-04-28T22:15:30.998Z] {"timestamp":1777414529090,"level":"DEBUG","args":["[vite] connected."],"stack":null}
[2026-04-28T22:15:58.993Z] {"timestamp":1777414557323,"level":"LOG","args":["Selected: sheika"],"stack":null}
[2026-04-28T22:16:30.949Z] {"timestamp":1777414590350,"level":"LOG","args":["Initializing bonus game, tokens:","7","placeholders:","7"],"stack":null}
[2026-04-28T22:16:30.949Z] {"timestamp":1777414590350,"level":"LOG","args":["Added drag events to:","Abu Dhabi"],"stack":null}
[2026-04-28T22:16:30.949Z] {"timestamp":1777414590350,"level":"LOG","args":["Added drag events to:","Dubai"],"stack":null}
[2026-04-28T22:16:30.949Z] {"timestamp":1777414590350,"level":"LOG","args":["Added drag events to:","Sharjah"],"stack":null}
[2026-04-28T22:16:30.949Z] {"timestamp":1777414590350,"level":"LOG","args":["Added drag events to:","Ajman"],"stack":null}
[2026-04-28T22:16:30.949Z] {"timestamp":1777414590350,"level":"LOG","args":["Added drag events to:","Umm Al Quwain"],"stack":null}
[2026-04-28T22:16:30.949Z] {"timestamp":1777414590350,"level":"LOG","args":["Added drag events to:","Ras Al Khaimah"],"stack":null}
[2026-04-28T22:16:30.949Z] {"timestamp":1777414590350,"level":"LOG","args":["Added drag events to:","Fujairah"],"stack":null}
[2026-04-28T22:16:30.949Z] {"timestamp":1777414590350,"level":"LOG","args":["Added drop events to placeholder:","abu-dhabi"],"stack":null}
[2026-04-28T22:16:30.949Z] {"timestamp":1777414590350,"level":"LOG","args":["Added drop events to placeholder:","dubai"],"stack":null}
[2026-04-28T22:16:30.949Z] {"timestamp":1777414590350,"level":"LOG","args":["Added drop events to placeholder:","sharjah"],"stack":null}
[2026-04-28T22:16:30.949Z] {"timestamp":1777414590350,"level":"LOG","args":["Added drop events to placeholder:","ajman"],"stack":null}
[2026-04-28T22:16:30.949Z] {"timestamp":1777414590351,"level":"LOG","args":["Added drop events to placeholder:","umm-al-quwain"],"stack":null}
[2026-04-28T22:16:30.949Z] {"timestamp":1777414590351,"level":"LOG","args":["Added drop events to placeholder:","ras-al-khaimah"],"stack":null}
[2026-04-28T22:16:30.949Z] {"timestamp":1777414590351,"level":"LOG","args":["Added drop events to placeholder:","fujairah"],"stack":null}
[2026-04-28T22:16:34.952Z] {"timestamp":1777414594323,"level":"LOG","args":["Dropped","umm-al-quwain","on","fujairah"],"stack":null}
[2026-04-28T23:00:42.167Z] {"timestamp":1777417239920,"level":"DEBUG","args":["[Manus] Debug collector initialized (no rrweb, UI events only)"],"stack":null}
[2026-04-28T23:00:42.167Z] {"timestamp":1777417240039,"level":"DEBUG","args":["[vite] connected."],"stack":null}
[2026-04-28T23:02:25.169Z] {"timestamp":1777417342490,"level":"DEBUG","args":["[Manus] Debug collector initialized (no rrweb, UI events only)"],"stack":null}
[2026-04-28T23:02:25.169Z] {"timestamp":1777417342498,"level":"DEBUG","args":["[vite] connected."],"stack":null}
[2026-04-28T23:02:26.491Z] {"timestamp":1777417344477,"level":"DEBUG","args":["[Manus] Debug collector initialized (no rrweb, UI events only)"],"stack":null}
[2026-04-28T23:02:26.491Z] {"timestamp":1777417344525,"level":"DEBUG","args":["[vite] connected."],"stack":null}
[2026-04-28T23:02:30.481Z] {"timestamp":1777417349977,"level":"LOG","args":["Selected: sheika"],"stack":null}
[2026-04-28T23:03:24.490Z] {"timestamp":1777417402573,"level":"LOG","args":["Initializing bonus game, tokens:","7","placeholders:","7"],"stack":null}
[2026-04-28T23:03:24.490Z] {"timestamp":1777417402573,"level":"LOG","args":["Added drag events to:","Abu Dhabi"],"stack":null}
[2026-04-28T23:03:24.490Z] {"timestamp":1777417402573,"level":"LOG","args":["Added drag events to:","Dubai"],"stack":null}
[2026-04-28T23:03:24.490Z] {"timestamp":1777417402573,"level":"LOG","args":["Added drag events to:","Sharjah"],"stack":null}
[2026-04-28T23:03:24.490Z] {"timestamp":1777417402573,"level":"LOG","args":["Added drag events to:","Ajman"],"stack":null}
[2026-04-28T23:03:24.490Z] {"timestamp":1777417402573,"level":"LOG","args":["Added drag events to:","Umm Al Quwain"],"stack":null}
[2026-04-28T23:03:24.490Z] {"timestamp":1777417402573,"level":"LOG","args":["Added drag events to:","Ras Al Khaimah"],"stack":null}
[2026-04-28T23:03:24.490Z] {"timestamp":1777417402573,"level":"LOG","args":["Added drag events to:","Fujairah"],"stack":null}
[2026-04-28T23:03:24.490Z] {"timestamp":1777417402573,"level":"LOG","args":["Added drop events to placeholder:","abu-dhabi"],"stack":null}
[2026-04-28T23:03:24.490Z] {"timestamp":1777417402573,"level":"LOG","args":["Added drop events to placeholder:","dubai"],"stack":null}
[2026-04-28T23:03:24.490Z] {"timestamp":1777417402573,"level":"LOG","args":["Added drop events to placeholder:","sharjah"],"stack":null}
[2026-04-28T23:03:24.490Z] {"timestamp":1777417402573,"level":"LOG","args":["Added drop events to placeholder:","ajman"],"stack":null}
[2026-04-28T23:03:24.490Z] {"timestamp":1777417402573,"level":"LOG","args":["Added drop events to placeholder:","umm-al-quwain"],"stack":null}
[2026-04-28T23:03:24.490Z] {"timestamp":1777417402573,"level":"LOG","args":["Added drop events to placeholder:","ras-al-khaimah"],"stack":null}
[2026-04-28T23:03:24.490Z] {"timestamp":1777417402573,"level":"LOG","args":["Added drop events to placeholder:","fujairah"],"stack":null}
[2026-04-28T23:03:28.488Z] {"timestamp":1777417406912,"level":"LOG","args":["Dropped","ajman","on","fujairah"],"stack":null}
[2026-04-28T23:05:22.167Z] {"timestamp":1777417519708,"level":"DEBUG","args":["[Manus] Debug collector initialized (no rrweb, UI events only)"],"stack":null}
[2026-04-28T23:05:22.167Z] {"timestamp":1777417519717,"level":"DEBUG","args":["[vite] connected."],"stack":null}
[2026-04-28T23:05:22.974Z] {"timestamp":1777417520967,"level":"DEBUG","args":["[Manus] Debug collector initialized (no rrweb, UI events only)"],"stack":null}
[2026-04-28T23:05:22.974Z] {"timestamp":1777417520975,"level":"DEBUG","args":["[vite] connected."],"stack":null}
[2026-04-28T23:05:34.168Z] {"timestamp":1777417531537,"level":"DEBUG","args":["[Manus] Debug collector initialized (no rrweb, UI events only)"],"stack":null}
[2026-04-28T23:05:34.168Z] {"timestamp":1777417531613,"level":"DEBUG","args":["[vite] connected."],"stack":null}
[2026-04-28T23:05:34.176Z] {"timestamp":1777417532172,"level":"DEBUG","args":["[Manus] Debug collector initialized (no rrweb, UI events only)"],"stack":null}
[2026-04-28T23:05:34.176Z] {"timestamp":1777417532180,"level":"DEBUG","args":["[vite] connected."],"stack":null}
[2026-04-28T23:05:53.660Z] {"timestamp":1777417551847,"level":"LOG","args":["Selected: zayed"],"stack":null}
[2026-04-28T23:06:37.681Z] {"timestamp":1777417597630,"level":"LOG","args":["Initializing bonus game, tokens:","7","placeholders:","7"],"stack":null}
[2026-04-28T23:06:37.681Z] {"timestamp":1777417597630,"level":"LOG","args":["Added drag events to:","Abu Dhabi"],"stack":null}
[2026-04-28T23:06:37.681Z] {"timestamp":1777417597630,"level":"LOG","args":["Added drag events to:","Dubai"],"stack":null}
[2026-04-28T23:06:37.681Z] {"timestamp":1777417597630,"level":"LOG","args":["Added drag events to:","Sharjah"],"stack":null}
[2026-04-28T23:06:37.681Z] {"timestamp":1777417597630,"level":"LOG","args":["Added drag events to:","Ajman"],"stack":null}
[2026-04-28T23:06:37.681Z] {"timestamp":1777417597630,"level":"LOG","args":["Added drag events to:","Umm Al Quwain"],"stack":null}
[2026-04-28T23:06:37.681Z] {"timestamp":1777417597630,"level":"LOG","args":["Added drag events to:","Ras Al Khaimah"],"stack":null}
[2026-04-28T23:06:37.681Z] {"timestamp":1777417597630,"level":"LOG","args":["Added drag events to:","Fujairah"],"stack":null}
[2026-04-28T23:06:37.681Z] {"timestamp":1777417597630,"level":"LOG","args":["Added drop events to placeholder:","abu-dhabi"],"stack":null}
[2026-04-28T23:06:37.681Z] {"timestamp":1777417597630,"level":"LOG","args":["Added drop events to placeholder:","dubai"],"stack":null}
[2026-04-28T23:06:37.681Z] {"timestamp":1777417597630,"level":"LOG","args":["Added drop events to placeholder:","sharjah"],"stack":null}
[2026-04-28T23:06:37.681Z] {"timestamp":1777417597630,"level":"LOG","args":["Added drop events to placeholder:","ajman"],"stack":null}
[2026-04-28T23:06:37.681Z] {"timestamp":1777417597630,"level":"LOG","args":["Added drop events to placeholder:","umm-al-quwain"],"stack":null}
[2026-04-28T23:06:37.681Z] {"timestamp":1777417597630,"level":"LOG","args":["Added drop events to placeholder:","ras-al-khaimah"],"stack":null}
[2026-04-28T23:06:37.681Z] {"timestamp":1777417597630,"level":"LOG","args":["Added drop events to placeholder:","fujairah"],"stack":null}
[2026-04-28T23:06:41.686Z] {"timestamp":1777417600433,"level":"LOG","args":["Dropped","abu-dhabi","on","abu-dhabi"],"stack":null}
[2026-04-28T23:06:47.688Z] {"timestamp":1777417606950,"level":"LOG","args":["Dropped","dubai","on","umm-al-quwain"],"stack":null}
[2026-04-28T23:06:49.691Z] {"timestamp":1777417608983,"level":"LOG","args":["Dropped","dubai","on","dubai"],"stack":null}
[2026-04-28T23:06:53.693Z] {"timestamp":1777417612303,"level":"LOG","args":["Dropped","sharjah","on","fujairah"],"stack":null}
[2026-04-28T23:06:55.694Z] {"timestamp":1777417615503,"level":"LOG","args":["Dropped","sharjah","on","sharjah"],"stack":null}
[2026-04-28T23:06:59.695Z] {"timestamp":1777417618868,"level":"LOG","args":["Dropped","ajman","on","ras-al-khaimah"],"stack":null}
[2026-04-28T23:07:01.696Z] {"timestamp":1777417620900,"level":"LOG","args":["Dropped","ajman","on","umm-al-quwain"],"stack":null}
[2026-04-28T23:07:05.696Z] {"timestamp":1777417625088,"level":"LOG","args":["Dropped","ajman","on","fujairah"],"stack":null}
[2026-04-28T23:07:07.695Z] {"timestamp":1777417627351,"level":"LOG","args":["Dropped","fujairah","on","fujairah"],"stack":null}
[2026-04-28T23:07:11.696Z] {"timestamp":1777417630266,"level":"LOG","args":["Dropped","ras-al-khaimah","on","ras-al-khaimah"],"stack":null}
[2026-04-28T23:07:13.697Z] {"timestamp":1777417632985,"level":"LOG","args":["Dropped","umm-al-quwain","on","umm-al-quwain"],"stack":null}
[2026-04-28T23:07:15.795Z] {"timestamp":1777417634750,"level":"LOG","args":["Dropped","ajman","on","ajman"],"stack":null}
[2026-04-28T23:08:11.217Z] {"timestamp":1777417688821,"level":"DEBUG","args":["[Manus] Debug collector initialized (no rrweb, UI events only)"],"stack":null}
[2026-04-28T23:08:11.217Z] {"timestamp":1777417688838,"level":"DEBUG","args":["[vite] connected."],"stack":null}
[2026-04-28T23:08:12.023Z] {"timestamp":1777417690016,"level":"DEBUG","args":["[Manus] Debug collector initialized (no rrweb, UI events only)"],"stack":null}
[2026-04-28T23:08:12.023Z] {"timestamp":1777417690024,"level":"DEBUG","args":["[vite] connected."],"stack":null}
[2026-04-28T23:08:22.195Z] {"timestamp":1777417700193,"level":"DEBUG","args":["[Manus] Debug collector initialized (no rrweb, UI events only)"],"stack":null}
[2026-04-28T23:08:22.195Z] {"timestamp":1777417700226,"level":"DEBUG","args":["[vite] connected."],"stack":null}
[2026-04-28T23:08:24.197Z] {"timestamp":1777417703716,"level":"LOG","args":["Selected: zayed"],"stack":null}
[2026-04-28T23:09:06.213Z] {"timestamp":1777417746167,"level":"LOG","args":["Initializing bonus game, tokens:","7","placeholders:","7"],"stack":null}
[2026-04-28T23:09:06.213Z] {"timestamp":1777417746169,"level":"LOG","args":["Added drag events to:","Abu Dhabi"],"stack":null}
[2026-04-28T23:09:06.213Z] {"timestamp":1777417746169,"level":"LOG","args":["Added drag events to:","Dubai"],"stack":null}
[2026-04-28T23:09:06.213Z] {"timestamp":1777417746169,"level":"LOG","args":["Added drag events to:","Sharjah"],"stack":null}
[2026-04-28T23:09:06.213Z] {"timestamp":1777417746170,"level":"LOG","args":["Added drag events to:","Ajman"],"stack":null}
[2026-04-28T23:09:06.213Z] {"timestamp":1777417746170,"level":"LOG","args":["Added drag events to:","Umm Al Quwain"],"stack":null}
[2026-04-28T23:09:06.213Z] {"timestamp":1777417746170,"level":"LOG","args":["Added drag events to:","Ras Al Khaimah"],"stack":null}
[2026-04-28T23:09:06.213Z] {"timestamp":1777417746170,"level":"LOG","args":["Added drag events to:","Fujairah"],"stack":null}
[2026-04-28T23:09:06.213Z] {"timestamp":1777417746170,"level":"LOG","args":["Added drop events to placeholder:","abu-dhabi"],"stack":null}
[2026-04-28T23:09:06.213Z] {"timestamp":1777417746170,"level":"LOG","args":["Added drop events to placeholder:","dubai"],"stack":null}
[2026-04-28T23:09:06.213Z] {"timestamp":1777417746170,"level":"LOG","args":["Added drop events to placeholder:","sharjah"],"stack":null}
[2026-04-28T23:09:06.213Z] {"timestamp":1777417746170,"level":"LOG","args":["Added drop events to placeholder:","ajman"],"stack":null}
[2026-04-28T23:09:06.213Z] {"timestamp":1777417746170,"level":"LOG","args":["Added drop events to placeholder:","umm-al-quwain"],"stack":null}
[2026-04-28T23:09:06.213Z] {"timestamp":1777417746170,"level":"LOG","args":["Added drop events to placeholder:","ras-al-khaimah"],"stack":null}
[2026-04-28T23:09:06.213Z] {"timestamp":1777417746170,"level":"LOG","args":["Added drop events to placeholder:","fujairah"],"stack":null}
[2026-04-28T23:09:10.212Z] {"timestamp":1777417749705,"level":"LOG","args":["Dropped","abu-dhabi","on","abu-dhabi"],"stack":null}
[2026-04-28T23:09:16.212Z] {"timestamp":1777417754247,"level":"LOG","args":["Dropped","dubai","on","dubai"],"stack":null}
[2026-04-28T23:09:18.213Z] {"timestamp":1777417757267,"level":"LOG","args":["Dropped","sharjah","on","fujairah"],"stack":null}
[2026-04-28T23:09:20.214Z] {"timestamp":1777417759145,"level":"LOG","args":["Dropped","sharjah","on","ajman"],"stack":null}
[2026-04-28T23:09:22.214Z] {"timestamp":1777417761633,"level":"LOG","args":["Dropped","sharjah","on","umm-al-quwain"],"stack":null}
[2026-04-28T23:09:24.214Z] {"timestamp":1777417763617,"level":"LOG","args":["Dropped","sharjah","on","ras-al-khaimah"],"stack":null}
[2026-04-28T23:09:26.215Z] {"timestamp":1777417765720,"level":"LOG","args":["Dropped","sharjah","on","fujairah"],"stack":null}
[2026-04-28T23:09:30.214Z] {"timestamp":1777417769804,"level":"LOG","args":["Dropped","fujairah","on","fujairah"],"stack":null}
[2026-04-28T23:09:34.216Z] {"timestamp":1777417772515,"level":"LOG","args":["Dropped","sharjah","on","sharjah"],"stack":null}
[2026-04-28T23:09:36.215Z] {"timestamp":1777417775419,"level":"LOG","args":["Dropped","ras-al-khaimah","on","ajman"],"stack":null}
[2026-04-28T23:09:38.215Z] {"timestamp":1777417777227,"level":"LOG","args":["Dropped","ras-al-khaimah","on","umm-al-quwain"],"stack":null}
[2026-04-28T23:09:40.215Z] {"timestamp":1777417779125,"level":"LOG","args":["Dropped","ras-al-khaimah","on","ras-al-khaimah"],"stack":null}
[2026-04-28T23:09:42.216Z] {"timestamp":1777417780963,"level":"LOG","args":["Dropped","umm-al-quwain","on","umm-al-quwain"],"stack":null}
[2026-04-28T23:09:44.220Z] {"timestamp":1777417782937,"level":"LOG","args":["Dropped","ajman","on","ajman"],"stack":null}
